<?xml version="1.0" encoding="UTF-8"?>
<testng-results skipped="0" failed="0" ignored="0" total="1" passed="1">
  <reporter-output>
  </reporter-output>
  <suite name="Default suite" duration-ms="14690" started-at="2018-02-15T04:20:41Z" finished-at="2018-02-15T04:20:55Z">
    <groups>
    </groups>
    <test name="Default test" duration-ms="14690" started-at="2018-02-15T04:20:41Z" finished-at="2018-02-15T04:20:55Z">
      <class name="gitTest.GitTest">
        <test-method status="PASS" signature="logintest()[pri:0, instance:gitTest.GitTest@587d1d39]" name="logintest" duration-ms="14659" started-at="2018-02-15T09:50:41Z" finished-at="2018-02-15T09:50:55Z">
          <reporter-output>
          </reporter-output>
        </test-method> <!-- logintest -->
      </class> <!-- gitTest.GitTest -->
    </test> <!-- Default test -->
  </suite> <!-- Default suite -->
</testng-results>
